#
# There is insufficient memory for the Java Runtime Environment to continue.
# Native memory allocation (malloc) failed to allocate 1048576 bytes for AllocateHeap
# Possible reasons:
#   The system is out of physical RAM or swap space
#   The process is running with CompressedOops enabled, and the Java Heap may be blocking the growth of the native heap
# Possible solutions:
#   Reduce memory load on the system
#   Increase physical memory or swap space
#   Check if swap backing store is full
#   Decrease Java heap size (-Xmx/-Xms)
#   Decrease number of Java threads
#   Decrease Java thread stack sizes (-Xss)
#   Set larger code cache with -XX:ReservedCodeCacheSize=
#   JVM is running with Unscaled Compressed Oops mode in which the Java heap is
#     placed in the first 4GB address space. The Java Heap base address is the
#     maximum limit for the native heap growth. Please use -XX:HeapBaseMinAddress
#     to set the Java Heap base and to place the Java Heap above 4GB virtual address.
# This output file may be truncated or incomplete.
#
#  Out of Memory Error (memory/allocation.inline.hpp:61), pid=19876, tid=0x0000000000002a50
#
# JRE version:  (8.0_211-b12) (build )
# Java VM: Java HotSpot(TM) 64-Bit Server VM (25.211-b12 mixed mode windows-amd64 compressed oops)
# Failed to write core dump. Minidumps are not enabled by default on client versions of Windows
#

---------------  T H R E A D  ---------------

Current thread (0x00000000026a4800):  JavaThread "Unknown thread" [_thread_in_vm, id=10832, stack(0x00000000025a0000,0x00000000026a0000)]

Stack: [0x00000000025a0000,0x00000000026a0000]
[error occurred during error reporting (printing stack bounds), id 0xc0000005]

Native frames: (J=compiled Java code, j=interpreted, Vv=VM code, C=native code)


---------------  P R O C E S S  ---------------

Java Threads: ( => current thread )

Other Threads:

=>0x00000000026a4800 (exited) JavaThread "Unknown thread" [_thread_in_vm, id=10832, stack(0x00000000025a0000,0x00000000026a0000)]

VM state:not at safepoint (normal execution)

VM Mutex/Monitor currently owned by a thread: None

heap address: 0x0000000080c00000, size: 2036 MB, Compressed Oops mode: 32-bit
Narrow klass base: 0x0000000000000000, Narrow klass shift: 3
Compressed class space size: 1073741824 Address: 0x0000000100000000

Heap:
 PSYoungGen      total 2048K, used 30K [0x00000000d5980000, 0x00000000d5c00000, 0x0000000100000000)
  eden space 1536K, 2% used [0x00000000d5980000,0x00000000d5987af0,0x00000000d5b00000)
  from space 512K, 0% used [0x00000000d5b80000,0x00000000d5b80000,0x00000000d5c00000)
  to   space 512K, 0% used [0x00000000d5b00000,0x00000000d5b00000,0x00000000d5b80000)
 ParOldGen       total 5632K, used 0K [0x0000000080c00000, 0x0000000081180000, 0x00000000d5980000)
  object space 5632K, 0% used [0x0000000080c00000,0x0000000080c00000,0x0000000081180000)
 Metaspace       used 775K, capacity 4480K, committed 4480K, reserved 1056768K
  class space    used 76K, capacity 384K, committed 384K, reserved 1048576K

Card table byte_map: [0x0000000011b60000,0x0000000011f60000] byte_map_base: 0x000000001175a000

Marking Bits: (ParMarkBitMap*) 0x00000000637e5ce0
 Begin Bits: [0x0000000012610000, 0x00000000145e0000)
 End Bits:   [0x00000000145e0000, 0x00000000165b0000)

Polling page: 0x0000000000ba0000

CodeCache: size=245760Kb used=328Kb max_used=328Kb free=245431Kb
 bounds [0x00000000027a0000, 0x0000000002a10000, 0x00000000117a0000]
 total_blobs=58 nmethods=0 adapters=38
 compilation: enabled

Compilation events (0 events):
No events

GC Heap History (0 events):
No events

Deoptimization events (0 events):
No events

Classes redefined (0 events):
No events

Internal exceptions (0 events):
No events

Events (10 events):
Event: 0.032 loading class java/lang/Short
Event: 0.032 loading class java/lang/Short done
Event: 0.032 loading class java/lang/Integer
Event: 0.032 loading class java/lang/Integer done
Event: 0.032 loading class java/lang/Long
Event: 0.032 loading class java/lang/Long done
Event: 0.033 loading class java/lang/NullPointerException
Event: 0.033 loading class java/lang/NullPointerException done
Event: 0.033 loading class java/lang/ArithmeticException
Event: 0.033 loading class java/lang/ArithmeticException done


Dynamic libraries:
0x00007ff775df0000 - 0x00007ff775df7000 	C:\Program Files\java\jdk1.8.0_211\bin\javac.exe
0x00007ffc453f0000 - 0x00007ffc455d1000 	C:\WINDOWS\SYSTEM32\ntdll.dll
0x00007ffc44e10000 - 0x00007ffc44ec1000 	C:\WINDOWS\System32\KERNEL32.DLL
0x00007ffc41a50000 - 0x00007ffc41cc3000 	C:\WINDOWS\System32\KERNELBASE.dll
0x00007ffc2eb30000 - 0x00007ffc2eb5f000 	C:\Program Files\java\jdk1.8.0_211\bin\jli.dll
0x00007ffc44ed0000 - 0x00007ffc44f71000 	C:\WINDOWS\System32\ADVAPI32.dll
0x00007ffc42880000 - 0x00007ffc4291e000 	C:\WINDOWS\System32\msvcrt.dll
0x00007ffc44db0000 - 0x00007ffc44e0b000 	C:\WINDOWS\System32\sechost.dll
0x00007ffc45170000 - 0x00007ffc45294000 	C:\WINDOWS\System32\RPCRT4.dll
0x00007ffc44fe0000 - 0x00007ffc45170000 	C:\WINDOWS\System32\USER32.dll
0x00007ffc425e0000 - 0x00007ffc42600000 	C:\WINDOWS\System32\win32u.dll
0x00007ffc44a70000 - 0x00007ffc44a98000 	C:\WINDOWS\System32\GDI32.dll
0x00007ffc42440000 - 0x00007ffc425d2000 	C:\WINDOWS\System32\gdi32full.dll
0x00007ffc417c0000 - 0x00007ffc4185f000 	C:\WINDOWS\System32\msvcp_win.dll
0x00007ffc42650000 - 0x00007ffc42748000 	C:\WINDOWS\System32\ucrtbase.dll
0x0000000063930000 - 0x0000000063a02000 	C:\Program Files\java\jdk1.8.0_211\bin\MSVCR100.dll
0x00007ffc30df0000 - 0x00007ffc31059000 	C:\WINDOWS\WinSxS\amd64_microsoft.windows.common-controls_6595b64144ccf1df_6.0.17134.765_none_fb42a1a930655896\COMCTL32.dll
0x00007ffc43f10000 - 0x00007ffc44232000 	C:\WINDOWS\System32\combase.dll
0x00007ffc42800000 - 0x00007ffc4287a000 	C:\WINDOWS\System32\bcryptPrimitives.dll
0x00007ffc45300000 - 0x00007ffc4532d000 	C:\WINDOWS\System32\IMM32.DLL
0x0000000063c40000 - 0x0000000063d12000 	C:\Program Files\java\jdk1.8.0_211\jre\bin\msvcr100.dll
0x0000000062fc0000 - 0x0000000063865000 	C:\Program Files\java\jdk1.8.0_211\jre\bin\server\jvm.dll
0x00007ffc44850000 - 0x00007ffc44858000 	C:\WINDOWS\System32\PSAPI.DLL
0x00007ffc30360000 - 0x00007ffc30369000 	C:\WINDOWS\SYSTEM32\WSOCK32.dll
0x00007ffc45350000 - 0x00007ffc453bc000 	C:\WINDOWS\System32\WS2_32.dll
0x00007ffc35d70000 - 0x00007ffc35d93000 	C:\WINDOWS\SYSTEM32\WINMM.dll
0x00007ffc3c140000 - 0x00007ffc3c14a000 	C:\WINDOWS\SYSTEM32\VERSION.dll
0x00007ffc35d40000 - 0x00007ffc35d6a000 	C:\WINDOWS\SYSTEM32\WINMMBASE.dll
0x00007ffc42600000 - 0x00007ffc42649000 	C:\WINDOWS\System32\cfgmgr32.dll
0x00007ffc3aae0000 - 0x00007ffc3aaef000 	C:\Program Files\java\jdk1.8.0_211\jre\bin\verify.dll
0x00007ffc2ee00000 - 0x00007ffc2ee29000 	C:\Program Files\java\jdk1.8.0_211\jre\bin\java.dll
0x00007ffc3a9d0000 - 0x00007ffc3a9e6000 	C:\Program Files\java\jdk1.8.0_211\jre\bin\zip.dll

VM Arguments:
jvm_args: -Dapplication.home=C:\Program Files\java\jdk1.8.0_211 -Xms8m 
java_command: com.sun.tools.javac.Main -version
java_class_path (initial): C:\Program Files\java\jdk1.8.0_211/lib/tools.jar;C:\Program Files\java\jdk1.8.0_211/classes
Launcher Type: SUN_STANDARD

Environment Variables:
JAVA_HOME=C:\Program Files\java\jdk1.8.0_211
PATH=C:\Program Files\nodejs\node_modules\npm\node_modules\npm-lifecycle\node-gyp-bin;C:\cygwin64\home\Emelie\dbwebb-kurser\webapp\me\kmom10\proj\node_modules\.bin;C:\cygwin64\usr\local\bin;C:\cygwin64\bin;C:\Program Files (x86)\Common Files\Oracle\Java\javapath;C:\Program Files (x86)\Intel\iCLS Client;C:\Program Files\Intel\iCLS Client;C:\windows\system32;C:\windows;C:\windows\System32\Wbem;C:\windows\System32\WindowsPowerShell\v1.0;C:\Program Files (x86)\Intel\Intel(R) Management Engine Components\DAL;C:\Program Files\Intel\Intel(R) Management Engine Components\DAL;C:\Program Files (x86)\Intel\Intel(R) Management Engine Components\IPT;C:\Program Files\Intel\Intel(R) Management Engine Components\IPT;C:\Program Files (x86)\NVIDIA Corporation\PhysX\Common;C:\WINDOWS\system32;C:\WINDOWS;C:\WINDOWS\System32\Wbem;C:\WINDOWS\System32\WindowsPowerShell\v1.0;C:\Program Files\Git\cmd;C:\Program Files\nodejs;C:\Program Files\Intel\WiFi\bin;C:\Program Files\Common Files\Intel\WirelessCommon;C:\WINDOWS\System32\OpenSSH;C:\ProgramData\ComposerSetup\bin;C:\Users\Emelie\AppData\Local\Microsoft\WindowsApps;C:\Users\Emelie\AppData\Local\atom\bin;C:\Users\Emelie\AppData\Roaming\npm;C:\Users\Emelie\AppData\Local\Microsoft\WindowsApps;C:\xampp\php;C:\Users\Emelie\AppData\Roaming\Composer\vendor\bin;C:\Program Files\java\jdk1.8.0_211\bin;C:\Users\Emelie\AppData\Local\Android\sdk\tools;C:\Users\Emelie\AppData\Local\Android\sdk\platform-tools;C:\Users\Emelie\AppData\Local\Android\sdk\tools\bin
USERNAME=Emelie
SHELL=/bin/bash
OS=Windows_NT
PROCESSOR_IDENTIFIER=Intel64 Family 6 Model 158 Stepping 9, GenuineIntel



---------------  S Y S T E M  ---------------

OS: Windows 10.0 , 64 bit Build 17134 (10.0.17134.753)

CPU:total 4 (initial active 4) (4 cores per cpu, 1 threads per core) family 6 model 158 stepping 9, cmov, cx8, fxsr, mmx, sse, sse2, sse3, ssse3, sse4.1, sse4.2, popcnt, avx, avx2, aes, clmul, erms, 3dnowpref, lzcnt, tsc, tscinvbit, bmi1, bmi2, adx

Memory: 4k page, physical 8338516k(1622116k free), swap 23806160k(4760k free)

vm_info: Java HotSpot(TM) 64-Bit Server VM (25.211-b12) for windows-amd64 JRE (1.8.0_211-b12), built on Apr  1 2019 20:53:26 by "java_re" with MS VC++ 10.0 (VS2010)

time: Fri May 31 18:28:54 2019
timezone: ope
elapsed time: 0 seconds (0d 0h 0m 0s)

